<?xml version="1.0" encoding="UTF-8"?>
<testng-results skipped="0" failed="0" total="1" passed="1">
  <reporter-output>
  </reporter-output>
  <suite name="Default suite" duration-ms="979" started-at="2022-08-31T07:20:11Z" finished-at="2022-08-31T07:20:12Z">
    <groups>
    </groups>
    <test name="Default test" duration-ms="979" started-at="2022-08-31T07:20:11Z" finished-at="2022-08-31T07:20:12Z">
      <class name="tax.PostTax">
        <test-method status="PASS" signature="setup()[pri:0, instance:tax.PostTax@7fe8ea47]" name="setup" is-config="true" duration-ms="2609" started-at="2022-08-31T12:50:09Z" finished-at="2022-08-31T12:50:11Z">
          <reporter-output>
          </reporter-output>
        </test-method> <!-- setup -->
        <test-method status="PASS" signature="initiate()[pri:0, instance:tax.PostTax@7fe8ea47]" name="initiate" is-config="true" duration-ms="489" started-at="2022-08-31T12:50:11Z" finished-at="2022-08-31T12:50:12Z">
          <reporter-output>
          </reporter-output>
        </test-method> <!-- initiate -->
        <test-method status="PASS" signature="createTax()[pri:0, instance:tax.PostTax@7fe8ea47]" name="createTax" duration-ms="480" started-at="2022-08-31T12:50:12Z" finished-at="2022-08-31T12:50:12Z">
          <reporter-output>
          </reporter-output>
        </test-method> <!-- createTax -->
        <test-method status="PASS" signature="removeAllAccessTokens()[pri:0, instance:tax.PostTax@7fe8ea47]" name="removeAllAccessTokens" is-config="true" duration-ms="408" started-at="2022-08-31T12:50:12Z" finished-at="2022-08-31T12:50:13Z">
          <reporter-output>
          </reporter-output>
        </test-method> <!-- removeAllAccessTokens -->
      </class> <!-- tax.PostTax -->
    </test> <!-- Default test -->
  </suite> <!-- Default suite -->
</testng-results>
